<?xml version="1.0" encoding="UTF-8" ?>
<testsuite tests="56" failures="0" name="zad03.RomanTest" time="0.015" errors="0" skipped="0">
  <properties>
[...]
</properties>
  <testcase classname="zad03.RomanTest" name="checkRomeNumber[0]" time="0.007"/>
  <testcase classname="zad03.RomanTest" name="checkRomeNumber[1]" time="0"/>
  <testcase classname="zad03.RomanTest" name="checkRomeNumber[2]" time="0"/>
  <testcase classname="zad03.RomanTest" name="checkRomeNumber[3]" time="0"/>
  <testcase classname="zad03.RomanTest" name="checkRomeNumber[4]" time="0.002"/>
  <testcase classname="zad03.RomanTest" name="checkRomeNumber[5]" time="0"/>
  <testcase classname="zad03.RomanTest" name="checkRomeNumber[6]" time="0.001"/>
  <testcase classname="zad03.RomanTest" name="checkRomeNumber[7]" time="0.002"/>
  <testcase classname="zad03.RomanTest" name="checkRomeNumber[8]" time="0"/>
  <testcase classname="zad03.RomanTest" name="checkRomeNumber[9]" time="0"/>
  <testcase classname="zad03.RomanTest" name="checkRomeNumber[10]" time="0"/>
  <testcase classname="zad03.RomanTest" name="checkRomeNumber[11]" time="0"/>
  <testcase classname="zad03.RomanTest" name="checkRomeNumber[12]" time="0"/>
  <testcase classname="zad03.RomanTest" name="checkRomeNumber[13]" time="0"/>
  <testcase classname="zad03.RomanTest" name="checkRomeNumber[14]" time="0.002"/>
  <testcase classname="zad03.RomanTest" name="checkRomeNumber[15]" time="0"/>
  <testcase classname="zad03.RomanTest" name="checkRomeNumber[16]" time="0"/>
  <testcase classname="zad03.RomanTest" name="checkRomeNumber[17]" time="0"/>
  <testcase classname="zad03.RomanTest" name="checkRomeNumber[18]" time="0"/>
  <testcase classname="zad03.RomanTest" name="checkRomeNumber[19]" time="0"/>
  <testcase classname="zad03.RomanTest" name="checkRomeNumber[20]" time="0"/>
  <testcase classname="zad03.RomanTest" name="checkRomeNumber[21]" time="0"/>
  <testcase classname="zad03.RomanTest" name="checkRomeNumber[22]" time="0"/>
  <testcase classname="zad03.RomanTest" name="checkRomeNumber[23]" time="0"/>
  <testcase classname="zad03.RomanTest" name="checkRomeNumber[24]" time="0"/>
  <testcase classname="zad03.RomanTest" name="checkRomeNumber[25]" time="0"/>
  <testcase classname="zad03.RomanTest" name="checkRomeNumber[26]" time="0"/>
  <testcase classname="zad03.RomanTest" name="checkRomeNumber[27]" time="0"/>
  <testcase classname="zad03.RomanTest" name="checkRomeNumber[28]" time="0.001"/>
  <testcase classname="zad03.RomanTest" name="checkRomeNumber[29]" time="0"/>
  <testcase classname="zad03.RomanTest" name="checkRomeNumber[30]" time="0"/>
  <testcase classname="zad03.RomanTest" name="checkRomeNumber[31]" time="0"/>
  <testcase classname="zad03.RomanTest" name="checkRomeNumber[32]" time="0"/>
  <testcase classname="zad03.RomanTest" name="checkRomeNumber[33]" time="0"/>
  <testcase classname="zad03.RomanTest" name="checkRomeNumber[34]" time="0"/>
  <testcase classname="zad03.RomanTest" name="checkRomeNumber[35]" time="0"/>
  <testcase classname="zad03.RomanTest" name="checkRomeNumber[36]" time="0"/>
  <testcase classname="zad03.RomanTest" name="checkRomeNumber[37]" time="0"/>
  <testcase classname="zad03.RomanTest" name="checkRomeNumber[38]" time="0"/>
  <testcase classname="zad03.RomanTest" name="checkRomeNumber[39]" time="0"/>
  <testcase classname="zad03.RomanTest" name="checkRomeNumber[40]" time="0"/>
  <testcase classname="zad03.RomanTest" name="checkRomeNumber[41]" time="0"/>
  <testcase classname="zad03.RomanTest" name="checkRomeNumber[42]" time="0"/>
  <testcase classname="zad03.RomanTest" name="checkRomeNumber[43]" time="0"/>
  <testcase classname="zad03.RomanTest" name="checkRomeNumber[44]" time="0"/>
  <testcase classname="zad03.RomanTest" name="checkRomeNumber[45]" time="0"/>
  <testcase classname="zad03.RomanTest" name="checkRomeNumber[46]" time="0"/>
  <testcase classname="zad03.RomanTest" name="checkRomeNumber[47]" time="0"/>
  <testcase classname="zad03.RomanTest" name="checkRomeNumber[48]" time="0"/>
  <testcase classname="zad03.RomanTest" name="checkRomeNumber[49]" time="0"/>
  <testcase classname="zad03.RomanTest" name="checkRomeNumber[50]" time="0"/>
  <testcase classname="zad03.RomanTest" name="checkRomeNumber[51]" time="0"/>
  <testcase classname="zad03.RomanTest" name="checkRomeNumber[52]" time="0"/>
  <testcase classname="zad03.RomanTest" name="checkRomeNumber[53]" time="0"/>
  <testcase classname="zad03.RomanTest" name="checkRomeNumber[54]" time="0"/>
  <testcase classname="zad03.RomanTest" name="checkRomeNumber[55]" time="0"/>
</testsuite>